
> client@0.1.0 start
> react-scripts start

(node:4478) [DEP_WEBPACK_DEV_SERVER_ON_AFTER_SETUP_MIDDLEWARE] DeprecationWarning: 'onAfterSetupMiddleware' option is deprecated. Please use the 'setupMiddlewares' option.
(Use `node --trace-deprecation ...` to show where the warning was created)
(node:4478) [DEP_WEBPACK_DEV_SERVER_ON_BEFORE_SETUP_MIDDLEWARE] DeprecationWarning: 'onBeforeSetupMiddleware' option is deprecated. Please use the 'setupMiddlewares' option.
Starting the development server...

Compiled with warnings.

Failed to parse source map from '/app/client/node_modules/react-datepicker/src/calendar.tsx' file: Error: ENOENT: no such file or directory, open '/app/client/node_modules/react-datepicker/src/calendar.tsx'

Failed to parse source map from '/app/client/node_modules/react-datepicker/src/calendar_container.tsx' file: Error: ENOENT: no such file or directory, open '/app/client/node_modules/react-datepicker/src/calendar_container.tsx'

Failed to parse source map from '/app/client/node_modules/react-datepicker/src/calendar_icon.tsx' file: Error: ENOENT: no such file or directory, open '/app/client/node_modules/react-datepicker/src/calendar_icon.tsx'

Failed to parse source map from '/app/client/node_modules/react-datepicker/src/click_outside_wrapper.tsx' file: Error: ENOENT: no such file or directory, open '/app/client/node_modules/react-datepicker/src/click_outside_wrapper.tsx'

Failed to parse source map from '/app/client/node_modules/react-datepicker/src/date_utils.ts' file: Error: ENOENT: no such file or directory, open '/app/client/node_modules/react-datepicker/src/date_utils.ts'

Failed to parse source map from '/app/client/node_modules/react-datepicker/src/day.tsx' file: Error: ENOENT: no such file or directory, open '/app/client/node_modules/react-datepicker/src/day.tsx'

Failed to parse source map from '/app/client/node_modules/react-datepicker/src/index.tsx' file: Error: ENOENT: no such file or directory, open '/app/client/node_modules/react-datepicker/src/index.tsx'

Failed to parse source map from '/app/client/node_modules/react-datepicker/src/input_time.tsx' file: Error: ENOENT: no such file or directory, open '/app/client/node_modules/react-datepicker/src/input_time.tsx'

Failed to parse source map from '/app/client/node_modules/react-datepicker/src/month.tsx' file: Error: ENOENT: no such file or directory, open '/app/client/node_modules/react-datepicker/src/month.tsx'

Failed to parse source map from '/app/client/node_modules/react-datepicker/src/month_dropdown.tsx' file: Error: ENOENT: no such file or directory, open '/app/client/node_modules/react-datepicker/src/month_dropdown.tsx'

Failed to parse source map from '/app/client/node_modules/react-datepicker/src/month_dropdown_options.tsx' file: Error: ENOENT: no such file or directory, open '/app/client/node_modules/react-datepicker/src/month_dropdown_options.tsx'

Failed to parse source map from '/app/client/node_modules/react-datepicker/src/month_year_dropdown.tsx' file: Error: ENOENT: no such file or directory, open '/app/client/node_modules/react-datepicker/src/month_year_dropdown.tsx'

Failed to parse source map from '/app/client/node_modules/react-datepicker/src/month_year_dropdown_options.tsx' file: Error: ENOENT: no such file or directory, open '/app/client/node_modules/react-datepicker/src/month_year_dropdown_options.tsx'

Failed to parse source map from '/app/client/node_modules/react-datepicker/src/popper_component.tsx' file: Error: ENOENT: no such file or directory, open '/app/client/node_modules/react-datepicker/src/popper_component.tsx'

Failed to parse source map from '/app/client/node_modules/react-datepicker/src/portal.tsx' file: Error: ENOENT: no such file or directory, open '/app/client/node_modules/react-datepicker/src/portal.tsx'

Failed to parse source map from '/app/client/node_modules/react-datepicker/src/tab_loop.tsx' file: Error: ENOENT: no such file or directory, open '/app/client/node_modules/react-datepicker/src/tab_loop.tsx'

Failed to parse source map from '/app/client/node_modules/react-datepicker/src/time.tsx' file: Error: ENOENT: no such file or directory, open '/app/client/node_modules/react-datepicker/src/time.tsx'

Failed to parse source map from '/app/client/node_modules/react-datepicker/src/week.tsx' file: Error: ENOENT: no such file or directory, open '/app/client/node_modules/react-datepicker/src/week.tsx'

Failed to parse source map from '/app/client/node_modules/react-datepicker/src/week_number.tsx' file: Error: ENOENT: no such file or directory, open '/app/client/node_modules/react-datepicker/src/week_number.tsx'

Failed to parse source map from '/app/client/node_modules/react-datepicker/src/with_floating.tsx' file: Error: ENOENT: no such file or directory, open '/app/client/node_modules/react-datepicker/src/with_floating.tsx'

Failed to parse source map from '/app/client/node_modules/react-datepicker/src/year.tsx' file: Error: ENOENT: no such file or directory, open '/app/client/node_modules/react-datepicker/src/year.tsx'

Failed to parse source map from '/app/client/node_modules/react-datepicker/src/year_dropdown.tsx' file: Error: ENOENT: no such file or directory, open '/app/client/node_modules/react-datepicker/src/year_dropdown.tsx'

Failed to parse source map from '/app/client/node_modules/react-datepicker/src/year_dropdown_options.tsx' file: Error: ENOENT: no such file or directory, open '/app/client/node_modules/react-datepicker/src/year_dropdown_options.tsx'

Search for the keywords to learn more about each warning.
To ignore, add // eslint-disable-next-line to the line before.

WARNING in ./node_modules/react-datepicker/dist/index.es.js
Module Warning (from ./node_modules/source-map-loader/dist/cjs.js):
Failed to parse source map from '/app/client/node_modules/react-datepicker/src/calendar.tsx' file: Error: ENOENT: no such file or directory, open '/app/client/node_modules/react-datepicker/src/calendar.tsx'

WARNING in ./node_modules/react-datepicker/dist/index.es.js
Module Warning (from ./node_modules/source-map-loader/dist/cjs.js):
Failed to parse source map from '/app/client/node_modules/react-datepicker/src/calendar_container.tsx' file: Error: ENOENT: no such file or directory, open '/app/client/node_modules/react-datepicker/src/calendar_container.tsx'

WARNING in ./node_modules/react-datepicker/dist/index.es.js
Module Warning (from ./node_modules/source-map-loader/dist/cjs.js):
Failed to parse source map from '/app/client/node_modules/react-datepicker/src/calendar_icon.tsx' file: Error: ENOENT: no such file or directory, open '/app/client/node_modules/react-datepicker/src/calendar_icon.tsx'

WARNING in ./node_modules/react-datepicker/dist/index.es.js
Module Warning (from ./node_modules/source-map-loader/dist/cjs.js):
Failed to parse source map from '/app/client/node_modules/react-datepicker/src/click_outside_wrapper.tsx' file: Error: ENOENT: no such file or directory, open '/app/client/node_modules/react-datepicker/src/click_outside_wrapper.tsx'

WARNING in ./node_modules/react-datepicker/dist/index.es.js
Module Warning (from ./node_modules/source-map-loader/dist/cjs.js):
Failed to parse source map from '/app/client/node_modules/react-datepicker/src/date_utils.ts' file: Error: ENOENT: no such file or directory, open '/app/client/node_modules/react-datepicker/src/date_utils.ts'

WARNING in ./node_modules/react-datepicker/dist/index.es.js
Module Warning (from ./node_modules/source-map-loader/dist/cjs.js):
Failed to parse source map from '/app/client/node_modules/react-datepicker/src/day.tsx' file: Error: ENOENT: no such file or directory, open '/app/client/node_modules/react-datepicker/src/day.tsx'

WARNING in ./node_modules/react-datepicker/dist/index.es.js
Module Warning (from ./node_modules/source-map-loader/dist/cjs.js):
Failed to parse source map from '/app/client/node_modules/react-datepicker/src/index.tsx' file: Error: ENOENT: no such file or directory, open '/app/client/node_modules/react-datepicker/src/index.tsx'

WARNING in ./node_modules/react-datepicker/dist/index.es.js
Module Warning (from ./node_modules/source-map-loader/dist/cjs.js):
Failed to parse source map from '/app/client/node_modules/react-datepicker/src/input_time.tsx' file: Error: ENOENT: no such file or directory, open '/app/client/node_modules/react-datepicker/src/input_time.tsx'

WARNING in ./node_modules/react-datepicker/dist/index.es.js
Module Warning (from ./node_modules/source-map-loader/dist/cjs.js):
Failed to parse source map from '/app/client/node_modules/react-datepicker/src/month.tsx' file: Error: ENOENT: no such file or directory, open '/app/client/node_modules/react-datepicker/src/month.tsx'

WARNING in ./node_modules/react-datepicker/dist/index.es.js
Module Warning (from ./node_modules/source-map-loader/dist/cjs.js):
Failed to parse source map from '/app/client/node_modules/react-datepicker/src/month_dropdown.tsx' file: Error: ENOENT: no such file or directory, open '/app/client/node_modules/react-datepicker/src/month_dropdown.tsx'

WARNING in ./node_modules/react-datepicker/dist/index.es.js
Module Warning (from ./node_modules/source-map-loader/dist/cjs.js):
Failed to parse source map from '/app/client/node_modules/react-datepicker/src/month_dropdown_options.tsx' file: Error: ENOENT: no such file or directory, open '/app/client/node_modules/react-datepicker/src/month_dropdown_options.tsx'

WARNING in ./node_modules/react-datepicker/dist/index.es.js
Module Warning (from ./node_modules/source-map-loader/dist/cjs.js):
Failed to parse source map from '/app/client/node_modules/react-datepicker/src/month_year_dropdown.tsx' file: Error: ENOENT: no such file or directory, open '/app/client/node_modules/react-datepicker/src/month_year_dropdown.tsx'

WARNING in ./node_modules/react-datepicker/dist/index.es.js
Module Warning (from ./node_modules/source-map-loader/dist/cjs.js):
Failed to parse source map from '/app/client/node_modules/react-datepicker/src/month_year_dropdown_options.tsx' file: Error: ENOENT: no such file or directory, open '/app/client/node_modules/react-datepicker/src/month_year_dropdown_options.tsx'

WARNING in ./node_modules/react-datepicker/dist/index.es.js
Module Warning (from ./node_modules/source-map-loader/dist/cjs.js):
Failed to parse source map from '/app/client/node_modules/react-datepicker/src/popper_component.tsx' file: Error: ENOENT: no such file or directory, open '/app/client/node_modules/react-datepicker/src/popper_component.tsx'

WARNING in ./node_modules/react-datepicker/dist/index.es.js
Module Warning (from ./node_modules/source-map-loader/dist/cjs.js):
Failed to parse source map from '/app/client/node_modules/react-datepicker/src/portal.tsx' file: Error: ENOENT: no such file or directory, open '/app/client/node_modules/react-datepicker/src/portal.tsx'

WARNING in ./node_modules/react-datepicker/dist/index.es.js
Module Warning (from ./node_modules/source-map-loader/dist/cjs.js):
Failed to parse source map from '/app/client/node_modules/react-datepicker/src/tab_loop.tsx' file: Error: ENOENT: no such file or directory, open '/app/client/node_modules/react-datepicker/src/tab_loop.tsx'

WARNING in ./node_modules/react-datepicker/dist/index.es.js
Module Warning (from ./node_modules/source-map-loader/dist/cjs.js):
Failed to parse source map from '/app/client/node_modules/react-datepicker/src/time.tsx' file: Error: ENOENT: no such file or directory, open '/app/client/node_modules/react-datepicker/src/time.tsx'

WARNING in ./node_modules/react-datepicker/dist/index.es.js
Module Warning (from ./node_modules/source-map-loader/dist/cjs.js):
Failed to parse source map from '/app/client/node_modules/react-datepicker/src/week.tsx' file: Error: ENOENT: no such file or directory, open '/app/client/node_modules/react-datepicker/src/week.tsx'

WARNING in ./node_modules/react-datepicker/dist/index.es.js
Module Warning (from ./node_modules/source-map-loader/dist/cjs.js):
Failed to parse source map from '/app/client/node_modules/react-datepicker/src/week_number.tsx' file: Error: ENOENT: no such file or directory, open '/app/client/node_modules/react-datepicker/src/week_number.tsx'

WARNING in ./node_modules/react-datepicker/dist/index.es.js
Module Warning (from ./node_modules/source-map-loader/dist/cjs.js):
Failed to parse source map from '/app/client/node_modules/react-datepicker/src/with_floating.tsx' file: Error: ENOENT: no such file or directory, open '/app/client/node_modules/react-datepicker/src/with_floating.tsx'

WARNING in ./node_modules/react-datepicker/dist/index.es.js
Module Warning (from ./node_modules/source-map-loader/dist/cjs.js):
Failed to parse source map from '/app/client/node_modules/react-datepicker/src/year.tsx' file: Error: ENOENT: no such file or directory, open '/app/client/node_modules/react-datepicker/src/year.tsx'

WARNING in ./node_modules/react-datepicker/dist/index.es.js
Module Warning (from ./node_modules/source-map-loader/dist/cjs.js):
Failed to parse source map from '/app/client/node_modules/react-datepicker/src/year_dropdown.tsx' file: Error: ENOENT: no such file or directory, open '/app/client/node_modules/react-datepicker/src/year_dropdown.tsx'

WARNING in ./node_modules/react-datepicker/dist/index.es.js
Module Warning (from ./node_modules/source-map-loader/dist/cjs.js):
Failed to parse source map from '/app/client/node_modules/react-datepicker/src/year_dropdown_options.tsx' file: Error: ENOENT: no such file or directory, open '/app/client/node_modules/react-datepicker/src/year_dropdown_options.tsx'

webpack compiled with 23 warnings
